This file contains any messages produced by compilers while
running configure, to aid debugging if configure makes a mistake.

It was created by configure, which was
generated by GNU Autoconf 2.61.  Invocation command line was

  $ ./configure --prefix=/opt/r8500/ap/gpl/iserver/build/usr --build=i386-pc-linux-gnu --target=arm-uclibc-linux --host=arm-uclibc-linux

## --------- ##
## Platform. ##
## --------- ##

hostname = netgear-b4f958788-rxpdj
uname -m = x86_64
uname -r = 4.4.0-137-generic
uname -s = Linux
uname -v = #163-Ubuntu SMP Mon Sep 24 13:14:43 UTC 2018

/usr/bin/uname -p = unknown
/bin/uname -X     = unknown

/bin/arch              = x86_64
/usr/bin/arch -k       = unknown
/usr/convex/getsysinfo = unknown
/usr/bin/hostinfo      = unknown
/bin/machine           = unknown
/usr/bin/oslevel       = unknown
/bin/universe          = unknown

PATH: /root/R8500-V1.0.2.128_1.0.97_src.tar/R8500-V1.0.2.128_1.0.97_src/tools
PATH: /projects/hnd/tools/linux/hndtools-arm-linux-2.6.36-uclibc-4.5.3/bin
PATH: /usr/local/sbin
PATH: /usr/local/bin
PATH: /usr/sbin
PATH: /usr/bin
PATH: /sbin
PATH: /bin


## ----------- ##
## Core tests. ##
## ----------- ##

configure:1795: checking for arm-uclibc-linux-gcc
configure:1822: result: arm-brcm-linux-uclibcgnueabi-gcc
configure:2100: checking for C compiler version
configure:2107: arm-brcm-linux-uclibcgnueabi-gcc --version >&5
arm-brcm-linux-uclibcgnueabi-gcc (Buildroot 2012.02) 4.5.3
Copyright (C) 2010 Free Software Foundation, Inc.
This is free software; see the source for copying conditions.  There is NO
warranty; not even for MERCHANTABILITY or FITNESS FOR A PARTICULAR PURPOSE.

configure:2110: $? = 0
configure:2117: arm-brcm-linux-uclibcgnueabi-gcc -v >&5
Using built-in specs.
COLLECT_GCC=arm-brcm-linux-uclibcgnueabi-gcc
COLLECT_LTO_WRAPPER=/projects/hnd/tools/linux/hndtools-arm-linux-2.6.36-uclibc-4.5.3/libexec/gcc/arm-brcm-linux-uclibcgnueabi/4.5.3/lto-wrapper
Target: arm-brcm-linux-uclibcgnueabi
Configured with: /projects/toolchains_build/buildroot-2012.02-brcm/output/toolchain/gcc-4.5.3/configure --prefix=/projects/hnd/tools/linux/hndtools-arm-linux-2.6.36-uclibc-4.5.3 --build=i686-pc-linux-gnu --host=i686-pc-linux-gnu --target=arm-brcm-linux-uclibcgnueabi --enable-languages=c,c++ --with-sysroot=/projects/hnd/tools/linux/hndtools-arm-linux-2.6.36-uclibc-4.5.3/arm-brcm-linux-uclibcgnueabi/sysroot --with-build-time-tools=/projects/hnd/tools/linux/hndtools-arm-linux-2.6.36-uclibc-4.5.3/arm-brcm-linux-uclibcgnueabi/bin --disable-__cxa_atexit --enable-target-optspace --disable-libgomp --with-gnu-ld --disable-libssp --disable-multilib --disable-tls --enable-shared --with-gmp=/projects/hnd/tools/linux/hndtools-arm-linux-2.6.36-uclibc-4.5.3 --with-mpfr=/projects/hnd/tools/linux/hndtools-arm-linux-2.6.36-uclibc-4.5.3 --with-mpc=/projects/hnd/tools/linux/hndtools-arm-linux-2.6.36-uclibc-4.5.3 --enable-threads --disable-decimal-float --with-float=soft --with-abi=aapcs-linux --with-arch=armv7-a --with-tune=cortex-a9 --with-pkgversion='Buildroot 2012.02' --with-bugurl=http://bugs.buildroot.net/
Thread model: posix
gcc version 4.5.3 (Buildroot 2012.02) 
configure:2120: $? = 0
configure:2127: arm-brcm-linux-uclibcgnueabi-gcc -V >&5
arm-brcm-linux-uclibcgnueabi-gcc: '-V' option must have argument
configure:2130: $? = 1
configure:2153: checking for C compiler default output file name
configure:2180: arm-brcm-linux-uclibcgnueabi-gcc -Os -O2 -DNETGEAR_PATCH -DBCMNVRAM -DBCMWPA2 -D__CONFIG_DHDAP__ -DRESTART_ALL_PROCESSES -D__CONFIG_GMAC3__ -D__CONFIG_USBAP__ -DBCMQOS -DBCMWPS -D__CONFIG_WPS__ -DBT_IGMP_SUPPORT -D__CONFIG_EMF__ -DTRAFFIC_MGMT_RSSI_POLICY -DPHYMON -DSUPPORT_REMOTE_HTTPS -DREMOTE_SMB_CONF -DREMOTE_USER_CONF -DUSERSETUP_SUPPORT -DXAGENT_CLOUD_SUPPORT -DINCLUDE_WPS_V20 -DOPENDNS_PARENTAL_CONTROL -DINCLUDE_ACCESSCONTROL -DINCLUDE_UCP -DU12H315 -DR8000 -DR7800 -DU12H335T21 -DINCLULDE_2ND_5G_RADIO -DDUAL_TRI_BAND_HW_SUPPORT -DPORT_TRUNKING_SUPPORT -DMULTIPLE_SSID -DENABLE_ML -DOPEN_SOURCE_SUPPORT -DBCM53125 -DBCM5301X -DACS_INTF_DETECT_PATCH -DCONFIG_REMOTE_USB_PROTECT -DCONFIG_RUSSIA_IPTV -DCONFIG_SAMBA_NO_RESTART -DLED_GPIO_SWITCH -DFBWIFI_FLAG -DDLNA -DHTTP_ACCESS_USB -DMAX_USB_ACCESS -DSAMBA_ENABLE -DUSB_NEW_SPEC -DINCLUDE_WIFI_BUTTON -DINCLUDE_USB_LED -DINCLUDE_DUAL_BAND -DSINGLE_FIRMWARE -DINCLUDE_GET_ST_CHKSUM -DUNIFIED_STR_TBL -DFIRST_MTD_ROTATION -DWIFI_ON_OFF_SCHE -DAUTO_CONN_24HR -DIGMP_PROXY -DAP_MODE -D__CONFIG_IGMP_SNOOPING__ -DLINUX26 -DINCLUDE_IPV6 -DPRESET_WL_SECURITY -DNEW_BCM_WPS_IPC -DSUPPORT_AC_MODE -DSTA_MODE -DPPP_RU_DESIGN -DEXT_ACS -DARP_PROTECTION -DCONFIG_2ND_5G_BRIDGE_MODE -DVLAN_SUPPORT -DCONFIG_2ND_SWITCH -DHIDDEN_PAGE_DEBUG -DBCM_DCS -DEXT_ACS -DBCM_BSD -DMFP -DDEBUG_BUTTOND -D__CONFIG_TREND_IQOS__ -DCONFIG_TREND_IQOS_ENABLED -D__BRCM_GENERIC_IQOS__ -Os -DLINUX26 -DCONFIG_KERNEL_2_6_36 -DXAGENT_CLOUD_SUPPORT -DBT_IGMP_SUPPORT   conftest.c  >&5
configure:2183: $? = 0
configure:2221: result: a.out
configure:2238: checking whether the C compiler works
configure:2268: result: yes
configure:2275: checking whether we are cross compiling
configure:2277: result: yes
configure:2280: checking for suffix of executables
configure:2287: arm-brcm-linux-uclibcgnueabi-gcc -o conftest -Os -O2 -DNETGEAR_PATCH -DBCMNVRAM -DBCMWPA2 -D__CONFIG_DHDAP__ -DRESTART_ALL_PROCESSES -D__CONFIG_GMAC3__ -D__CONFIG_USBAP__ -DBCMQOS -DBCMWPS -D__CONFIG_WPS__ -DBT_IGMP_SUPPORT -D__CONFIG_EMF__ -DTRAFFIC_MGMT_RSSI_POLICY -DPHYMON -DSUPPORT_REMOTE_HTTPS -DREMOTE_SMB_CONF -DREMOTE_USER_CONF -DUSERSETUP_SUPPORT -DXAGENT_CLOUD_SUPPORT -DINCLUDE_WPS_V20 -DOPENDNS_PARENTAL_CONTROL -DINCLUDE_ACCESSCONTROL -DINCLUDE_UCP -DU12H315 -DR8000 -DR7800 -DU12H335T21 -DINCLULDE_2ND_5G_RADIO -DDUAL_TRI_BAND_HW_SUPPORT -DPORT_TRUNKING_SUPPORT -DMULTIPLE_SSID -DENABLE_ML -DOPEN_SOURCE_SUPPORT -DBCM53125 -DBCM5301X -DACS_INTF_DETECT_PATCH -DCONFIG_REMOTE_USB_PROTECT -DCONFIG_RUSSIA_IPTV -DCONFIG_SAMBA_NO_RESTART -DLED_GPIO_SWITCH -DFBWIFI_FLAG -DDLNA -DHTTP_ACCESS_USB -DMAX_USB_ACCESS -DSAMBA_ENABLE -DUSB_NEW_SPEC -DINCLUDE_WIFI_BUTTON -DINCLUDE_USB_LED -DINCLUDE_DUAL_BAND -DSINGLE_FIRMWARE -DINCLUDE_GET_ST_CHKSUM -DUNIFIED_STR_TBL -DFIRST_MTD_ROTATION -DWIFI_ON_OFF_SCHE -DAUTO_CONN_24HR -DIGMP_PROXY -DAP_MODE -D__CONFIG_IGMP_SNOOPING__ -DLINUX26 -DINCLUDE_IPV6 -DPRESET_WL_SECURITY -DNEW_BCM_WPS_IPC -DSUPPORT_AC_MODE -DSTA_MODE -DPPP_RU_DESIGN -DEXT_ACS -DARP_PROTECTION -DCONFIG_2ND_5G_BRIDGE_MODE -DVLAN_SUPPORT -DCONFIG_2ND_SWITCH -DHIDDEN_PAGE_DEBUG -DBCM_DCS -DEXT_ACS -DBCM_BSD -DMFP -DDEBUG_BUTTOND -D__CONFIG_TREND_IQOS__ -DCONFIG_TREND_IQOS_ENABLED -D__BRCM_GENERIC_IQOS__ -Os -DLINUX26 -DCONFIG_KERNEL_2_6_36 -DXAGENT_CLOUD_SUPPORT -DBT_IGMP_SUPPORT   conftest.c  >&5
configure:2290: $? = 0
configure:2314: result: 
configure:2320: checking for suffix of object files
configure:2346: arm-brcm-linux-uclibcgnueabi-gcc -c -Os -O2 -DNETGEAR_PATCH -DBCMNVRAM -DBCMWPA2 -D__CONFIG_DHDAP__ -DRESTART_ALL_PROCESSES -D__CONFIG_GMAC3__ -D__CONFIG_USBAP__ -DBCMQOS -DBCMWPS -D__CONFIG_WPS__ -DBT_IGMP_SUPPORT -D__CONFIG_EMF__ -DTRAFFIC_MGMT_RSSI_POLICY -DPHYMON -DSUPPORT_REMOTE_HTTPS -DREMOTE_SMB_CONF -DREMOTE_USER_CONF -DUSERSETUP_SUPPORT -DXAGENT_CLOUD_SUPPORT -DINCLUDE_WPS_V20 -DOPENDNS_PARENTAL_CONTROL -DINCLUDE_ACCESSCONTROL -DINCLUDE_UCP -DU12H315 -DR8000 -DR7800 -DU12H335T21 -DINCLULDE_2ND_5G_RADIO -DDUAL_TRI_BAND_HW_SUPPORT -DPORT_TRUNKING_SUPPORT -DMULTIPLE_SSID -DENABLE_ML -DOPEN_SOURCE_SUPPORT -DBCM53125 -DBCM5301X -DACS_INTF_DETECT_PATCH -DCONFIG_REMOTE_USB_PROTECT -DCONFIG_RUSSIA_IPTV -DCONFIG_SAMBA_NO_RESTART -DLED_GPIO_SWITCH -DFBWIFI_FLAG -DDLNA -DHTTP_ACCESS_USB -DMAX_USB_ACCESS -DSAMBA_ENABLE -DUSB_NEW_SPEC -DINCLUDE_WIFI_BUTTON -DINCLUDE_USB_LED -DINCLUDE_DUAL_BAND -DSINGLE_FIRMWARE -DINCLUDE_GET_ST_CHKSUM -DUNIFIED_STR_TBL -DFIRST_MTD_ROTATION -DWIFI_ON_OFF_SCHE -DAUTO_CONN_24HR -DIGMP_PROXY -DAP_MODE -D__CONFIG_IGMP_SNOOPING__ -DLINUX26 -DINCLUDE_IPV6 -DPRESET_WL_SECURITY -DNEW_BCM_WPS_IPC -DSUPPORT_AC_MODE -DSTA_MODE -DPPP_RU_DESIGN -DEXT_ACS -DARP_PROTECTION -DCONFIG_2ND_5G_BRIDGE_MODE -DVLAN_SUPPORT -DCONFIG_2ND_SWITCH -DHIDDEN_PAGE_DEBUG -DBCM_DCS -DEXT_ACS -DBCM_BSD -DMFP -DDEBUG_BUTTOND -D__CONFIG_TREND_IQOS__ -DCONFIG_TREND_IQOS_ENABLED -D__BRCM_GENERIC_IQOS__ -Os -DLINUX26 -DCONFIG_KERNEL_2_6_36 -DXAGENT_CLOUD_SUPPORT -DBT_IGMP_SUPPORT  conftest.c >&5
configure:2349: $? = 0
configure:2372: result: o
configure:2376: checking whether we are using the GNU C compiler
configure:2405: arm-brcm-linux-uclibcgnueabi-gcc -c -Os -O2 -DNETGEAR_PATCH -DBCMNVRAM -DBCMWPA2 -D__CONFIG_DHDAP__ -DRESTART_ALL_PROCESSES -D__CONFIG_GMAC3__ -D__CONFIG_USBAP__ -DBCMQOS -DBCMWPS -D__CONFIG_WPS__ -DBT_IGMP_SUPPORT -D__CONFIG_EMF__ -DTRAFFIC_MGMT_RSSI_POLICY -DPHYMON -DSUPPORT_REMOTE_HTTPS -DREMOTE_SMB_CONF -DREMOTE_USER_CONF -DUSERSETUP_SUPPORT -DXAGENT_CLOUD_SUPPORT -DINCLUDE_WPS_V20 -DOPENDNS_PARENTAL_CONTROL -DINCLUDE_ACCESSCONTROL -DINCLUDE_UCP -DU12H315 -DR8000 -DR7800 -DU12H335T21 -DINCLULDE_2ND_5G_RADIO -DDUAL_TRI_BAND_HW_SUPPORT -DPORT_TRUNKING_SUPPORT -DMULTIPLE_SSID -DENABLE_ML -DOPEN_SOURCE_SUPPORT -DBCM53125 -DBCM5301X -DACS_INTF_DETECT_PATCH -DCONFIG_REMOTE_USB_PROTECT -DCONFIG_RUSSIA_IPTV -DCONFIG_SAMBA_NO_RESTART -DLED_GPIO_SWITCH -DFBWIFI_FLAG -DDLNA -DHTTP_ACCESS_USB -DMAX_USB_ACCESS -DSAMBA_ENABLE -DUSB_NEW_SPEC -DINCLUDE_WIFI_BUTTON -DINCLUDE_USB_LED -DINCLUDE_DUAL_BAND -DSINGLE_FIRMWARE -DINCLUDE_GET_ST_CHKSUM -DUNIFIED_STR_TBL -DFIRST_MTD_ROTATION -DWIFI_ON_OFF_SCHE -DAUTO_CONN_24HR -DIGMP_PROXY -DAP_MODE -D__CONFIG_IGMP_SNOOPING__ -DLINUX26 -DINCLUDE_IPV6 -DPRESET_WL_SECURITY -DNEW_BCM_WPS_IPC -DSUPPORT_AC_MODE -DSTA_MODE -DPPP_RU_DESIGN -DEXT_ACS -DARP_PROTECTION -DCONFIG_2ND_5G_BRIDGE_MODE -DVLAN_SUPPORT -DCONFIG_2ND_SWITCH -DHIDDEN_PAGE_DEBUG -DBCM_DCS -DEXT_ACS -DBCM_BSD -DMFP -DDEBUG_BUTTOND -D__CONFIG_TREND_IQOS__ -DCONFIG_TREND_IQOS_ENABLED -D__BRCM_GENERIC_IQOS__ -Os -DLINUX26 -DCONFIG_KERNEL_2_6_36 -DXAGENT_CLOUD_SUPPORT -DBT_IGMP_SUPPORT  conftest.c >&5
configure:2411: $? = 0
configure:2428: result: yes
configure:2433: checking whether arm-brcm-linux-uclibcgnueabi-gcc accepts -g
configure:2463: arm-brcm-linux-uclibcgnueabi-gcc -c -g  conftest.c >&5
configure:2469: $? = 0
configure:2568: result: yes
configure:2585: checking for arm-brcm-linux-uclibcgnueabi-gcc option to accept ISO C89
configure:2659: arm-brcm-linux-uclibcgnueabi-gcc  -c -Os -O2 -DNETGEAR_PATCH -DBCMNVRAM -DBCMWPA2 -D__CONFIG_DHDAP__ -DRESTART_ALL_PROCESSES -D__CONFIG_GMAC3__ -D__CONFIG_USBAP__ -DBCMQOS -DBCMWPS -D__CONFIG_WPS__ -DBT_IGMP_SUPPORT -D__CONFIG_EMF__ -DTRAFFIC_MGMT_RSSI_POLICY -DPHYMON -DSUPPORT_REMOTE_HTTPS -DREMOTE_SMB_CONF -DREMOTE_USER_CONF -DUSERSETUP_SUPPORT -DXAGENT_CLOUD_SUPPORT -DINCLUDE_WPS_V20 -DOPENDNS_PARENTAL_CONTROL -DINCLUDE_ACCESSCONTROL -DINCLUDE_UCP -DU12H315 -DR8000 -DR7800 -DU12H335T21 -DINCLULDE_2ND_5G_RADIO -DDUAL_TRI_BAND_HW_SUPPORT -DPORT_TRUNKING_SUPPORT -DMULTIPLE_SSID -DENABLE_ML -DOPEN_SOURCE_SUPPORT -DBCM53125 -DBCM5301X -DACS_INTF_DETECT_PATCH -DCONFIG_REMOTE_USB_PROTECT -DCONFIG_RUSSIA_IPTV -DCONFIG_SAMBA_NO_RESTART -DLED_GPIO_SWITCH -DFBWIFI_FLAG -DDLNA -DHTTP_ACCESS_USB -DMAX_USB_ACCESS -DSAMBA_ENABLE -DUSB_NEW_SPEC -DINCLUDE_WIFI_BUTTON -DINCLUDE_USB_LED -DINCLUDE_DUAL_BAND -DSINGLE_FIRMWARE -DINCLUDE_GET_ST_CHKSUM -DUNIFIED_STR_TBL -DFIRST_MTD_ROTATION -DWIFI_ON_OFF_SCHE -DAUTO_CONN_24HR -DIGMP_PROXY -DAP_MODE -D__CONFIG_IGMP_SNOOPING__ -DLINUX26 -DINCLUDE_IPV6 -DPRESET_WL_SECURITY -DNEW_BCM_WPS_IPC -DSUPPORT_AC_MODE -DSTA_MODE -DPPP_RU_DESIGN -DEXT_ACS -DARP_PROTECTION -DCONFIG_2ND_5G_BRIDGE_MODE -DVLAN_SUPPORT -DCONFIG_2ND_SWITCH -DHIDDEN_PAGE_DEBUG -DBCM_DCS -DEXT_ACS -DBCM_BSD -DMFP -DDEBUG_BUTTOND -D__CONFIG_TREND_IQOS__ -DCONFIG_TREND_IQOS_ENABLED -D__BRCM_GENERIC_IQOS__ -Os -DLINUX26 -DCONFIG_KERNEL_2_6_36 -DXAGENT_CLOUD_SUPPORT -DBT_IGMP_SUPPORT  conftest.c >&5
configure:2665: $? = 0
configure:2688: result: none needed
configure:2822: checking for C++ compiler version
configure:2829: arm-brcm-linux-uclibcgnueabi-g++ --version >&5
arm-brcm-linux-uclibcgnueabi-g++ (Buildroot 2012.02) 4.5.3
Copyright (C) 2010 Free Software Foundation, Inc.
This is free software; see the source for copying conditions.  There is NO
warranty; not even for MERCHANTABILITY or FITNESS FOR A PARTICULAR PURPOSE.

configure:2832: $? = 0
configure:2839: arm-brcm-linux-uclibcgnueabi-g++ -v >&5
Using built-in specs.
COLLECT_GCC=arm-brcm-linux-uclibcgnueabi-g++
COLLECT_LTO_WRAPPER=/projects/hnd/tools/linux/hndtools-arm-linux-2.6.36-uclibc-4.5.3/libexec/gcc/arm-brcm-linux-uclibcgnueabi/4.5.3/lto-wrapper
Target: arm-brcm-linux-uclibcgnueabi
Configured with: /projects/toolchains_build/buildroot-2012.02-brcm/output/toolchain/gcc-4.5.3/configure --prefix=/projects/hnd/tools/linux/hndtools-arm-linux-2.6.36-uclibc-4.5.3 --build=i686-pc-linux-gnu --host=i686-pc-linux-gnu --target=arm-brcm-linux-uclibcgnueabi --enable-languages=c,c++ --with-sysroot=/projects/hnd/tools/linux/hndtools-arm-linux-2.6.36-uclibc-4.5.3/arm-brcm-linux-uclibcgnueabi/sysroot --with-build-time-tools=/projects/hnd/tools/linux/hndtools-arm-linux-2.6.36-uclibc-4.5.3/arm-brcm-linux-uclibcgnueabi/bin --disable-__cxa_atexit --enable-target-optspace --disable-libgomp --with-gnu-ld --disable-libssp --disable-multilib --disable-tls --enable-shared --with-gmp=/projects/hnd/tools/linux/hndtools-arm-linux-2.6.36-uclibc-4.5.3 --with-mpfr=/projects/hnd/tools/linux/hndtools-arm-linux-2.6.36-uclibc-4.5.3 --with-mpc=/projects/hnd/tools/linux/hndtools-arm-linux-2.6.36-uclibc-4.5.3 --enable-threads --disable-decimal-float --with-float=soft --with-abi=aapcs-linux --with-arch=armv7-a --with-tune=cortex-a9 --with-pkgversion='Buildroot 2012.02' --with-bugurl=http://bugs.buildroot.net/
Thread model: posix
gcc version 4.5.3 (Buildroot 2012.02) 
configure:2842: $? = 0
configure:2849: arm-brcm-linux-uclibcgnueabi-g++ -V >&5
arm-brcm-linux-uclibcgnueabi-g++: '-V' option must have argument
configure:2852: $? = 1
configure:2855: checking whether we are using the GNU C++ compiler
configure:2884: arm-brcm-linux-uclibcgnueabi-g++ -c   conftest.cpp >&5
configure:2890: $? = 0
configure:2907: result: yes
configure:2912: checking whether arm-brcm-linux-uclibcgnueabi-g++ accepts -g
configure:2942: arm-brcm-linux-uclibcgnueabi-g++ -c -g  conftest.cpp >&5
configure:2948: $? = 0
configure:3047: result: yes
configure:3114: checking for a BSD-compatible install
configure:3170: result: /usr/bin/install -c
configure:3188: checking for arm-uclibc-linux-ranlib
configure:3215: result: arm-brcm-linux-uclibcgnueabi-ranlib
configure:3283: checking for ar
configure:3301: found /usr/bin/ar
configure:3313: result: /usr/bin/ar
configure:3323: checking for cp
configure:3341: found /bin/cp
configure:3353: result: /bin/cp
configure:3363: checking for ln
configure:3381: found /bin/ln
configure:3393: result: /bin/ln
configure:3403: checking for mkdir
configure:3421: found /bin/mkdir
configure:3433: result: /bin/mkdir
configure:3443: checking for rm
configure:3461: found /bin/rm
configure:3473: result: /bin/rm
configure:3494: checking for inline
configure:3520: arm-brcm-linux-uclibcgnueabi-gcc -c -Os -O2 -DNETGEAR_PATCH -DBCMNVRAM -DBCMWPA2 -D__CONFIG_DHDAP__ -DRESTART_ALL_PROCESSES -D__CONFIG_GMAC3__ -D__CONFIG_USBAP__ -DBCMQOS -DBCMWPS -D__CONFIG_WPS__ -DBT_IGMP_SUPPORT -D__CONFIG_EMF__ -DTRAFFIC_MGMT_RSSI_POLICY -DPHYMON -DSUPPORT_REMOTE_HTTPS -DREMOTE_SMB_CONF -DREMOTE_USER_CONF -DUSERSETUP_SUPPORT -DXAGENT_CLOUD_SUPPORT -DINCLUDE_WPS_V20 -DOPENDNS_PARENTAL_CONTROL -DINCLUDE_ACCESSCONTROL -DINCLUDE_UCP -DU12H315 -DR8000 -DR7800 -DU12H335T21 -DINCLULDE_2ND_5G_RADIO -DDUAL_TRI_BAND_HW_SUPPORT -DPORT_TRUNKING_SUPPORT -DMULTIPLE_SSID -DENABLE_ML -DOPEN_SOURCE_SUPPORT -DBCM53125 -DBCM5301X -DACS_INTF_DETECT_PATCH -DCONFIG_REMOTE_USB_PROTECT -DCONFIG_RUSSIA_IPTV -DCONFIG_SAMBA_NO_RESTART -DLED_GPIO_SWITCH -DFBWIFI_FLAG -DDLNA -DHTTP_ACCESS_USB -DMAX_USB_ACCESS -DSAMBA_ENABLE -DUSB_NEW_SPEC -DINCLUDE_WIFI_BUTTON -DINCLUDE_USB_LED -DINCLUDE_DUAL_BAND -DSINGLE_FIRMWARE -DINCLUDE_GET_ST_CHKSUM -DUNIFIED_STR_TBL -DFIRST_MTD_ROTATION -DWIFI_ON_OFF_SCHE -DAUTO_CONN_24HR -DIGMP_PROXY -DAP_MODE -D__CONFIG_IGMP_SNOOPING__ -DLINUX26 -DINCLUDE_IPV6 -DPRESET_WL_SECURITY -DNEW_BCM_WPS_IPC -DSUPPORT_AC_MODE -DSTA_MODE -DPPP_RU_DESIGN -DEXT_ACS -DARP_PROTECTION -DCONFIG_2ND_5G_BRIDGE_MODE -DVLAN_SUPPORT -DCONFIG_2ND_SWITCH -DHIDDEN_PAGE_DEBUG -DBCM_DCS -DEXT_ACS -DBCM_BSD -DMFP -DDEBUG_BUTTOND -D__CONFIG_TREND_IQOS__ -DCONFIG_TREND_IQOS_ENABLED -D__BRCM_GENERIC_IQOS__ -Os -DLINUX26 -DCONFIG_KERNEL_2_6_36 -DXAGENT_CLOUD_SUPPORT -DBT_IGMP_SUPPORT  conftest.c >&5
configure:3526: $? = 0
configure:3544: result: inline
configure:3569: checking for strdup
configure:3625: arm-brcm-linux-uclibcgnueabi-gcc -o conftest -Os -O2 -DNETGEAR_PATCH -DBCMNVRAM -DBCMWPA2 -D__CONFIG_DHDAP__ -DRESTART_ALL_PROCESSES -D__CONFIG_GMAC3__ -D__CONFIG_USBAP__ -DBCMQOS -DBCMWPS -D__CONFIG_WPS__ -DBT_IGMP_SUPPORT -D__CONFIG_EMF__ -DTRAFFIC_MGMT_RSSI_POLICY -DPHYMON -DSUPPORT_REMOTE_HTTPS -DREMOTE_SMB_CONF -DREMOTE_USER_CONF -DUSERSETUP_SUPPORT -DXAGENT_CLOUD_SUPPORT -DINCLUDE_WPS_V20 -DOPENDNS_PARENTAL_CONTROL -DINCLUDE_ACCESSCONTROL -DINCLUDE_UCP -DU12H315 -DR8000 -DR7800 -DU12H335T21 -DINCLULDE_2ND_5G_RADIO -DDUAL_TRI_BAND_HW_SUPPORT -DPORT_TRUNKING_SUPPORT -DMULTIPLE_SSID -DENABLE_ML -DOPEN_SOURCE_SUPPORT -DBCM53125 -DBCM5301X -DACS_INTF_DETECT_PATCH -DCONFIG_REMOTE_USB_PROTECT -DCONFIG_RUSSIA_IPTV -DCONFIG_SAMBA_NO_RESTART -DLED_GPIO_SWITCH -DFBWIFI_FLAG -DDLNA -DHTTP_ACCESS_USB -DMAX_USB_ACCESS -DSAMBA_ENABLE -DUSB_NEW_SPEC -DINCLUDE_WIFI_BUTTON -DINCLUDE_USB_LED -DINCLUDE_DUAL_BAND -DSINGLE_FIRMWARE -DINCLUDE_GET_ST_CHKSUM -DUNIFIED_STR_TBL -DFIRST_MTD_ROTATION -DWIFI_ON_OFF_SCHE -DAUTO_CONN_24HR -DIGMP_PROXY -DAP_MODE -D__CONFIG_IGMP_SNOOPING__ -DLINUX26 -DINCLUDE_IPV6 -DPRESET_WL_SECURITY -DNEW_BCM_WPS_IPC -DSUPPORT_AC_MODE -DSTA_MODE -DPPP_RU_DESIGN -DEXT_ACS -DARP_PROTECTION -DCONFIG_2ND_5G_BRIDGE_MODE -DVLAN_SUPPORT -DCONFIG_2ND_SWITCH -DHIDDEN_PAGE_DEBUG -DBCM_DCS -DEXT_ACS -DBCM_BSD -DMFP -DDEBUG_BUTTOND -D__CONFIG_TREND_IQOS__ -DCONFIG_TREND_IQOS_ENABLED -D__BRCM_GENERIC_IQOS__ -Os -DLINUX26 -DCONFIG_KERNEL_2_6_36 -DXAGENT_CLOUD_SUPPORT -DBT_IGMP_SUPPORT   conftest.c  >&5
conftest.c:32:6: warning: conflicting types for built-in function 'strdup'
configure:3631: $? = 0
configure:3649: result: yes
configure:3667: checking for snprintf
configure:3723: arm-brcm-linux-uclibcgnueabi-gcc -o conftest -Os -O2 -DNETGEAR_PATCH -DBCMNVRAM -DBCMWPA2 -D__CONFIG_DHDAP__ -DRESTART_ALL_PROCESSES -D__CONFIG_GMAC3__ -D__CONFIG_USBAP__ -DBCMQOS -DBCMWPS -D__CONFIG_WPS__ -DBT_IGMP_SUPPORT -D__CONFIG_EMF__ -DTRAFFIC_MGMT_RSSI_POLICY -DPHYMON -DSUPPORT_REMOTE_HTTPS -DREMOTE_SMB_CONF -DREMOTE_USER_CONF -DUSERSETUP_SUPPORT -DXAGENT_CLOUD_SUPPORT -DINCLUDE_WPS_V20 -DOPENDNS_PARENTAL_CONTROL -DINCLUDE_ACCESSCONTROL -DINCLUDE_UCP -DU12H315 -DR8000 -DR7800 -DU12H335T21 -DINCLULDE_2ND_5G_RADIO -DDUAL_TRI_BAND_HW_SUPPORT -DPORT_TRUNKING_SUPPORT -DMULTIPLE_SSID -DENABLE_ML -DOPEN_SOURCE_SUPPORT -DBCM53125 -DBCM5301X -DACS_INTF_DETECT_PATCH -DCONFIG_REMOTE_USB_PROTECT -DCONFIG_RUSSIA_IPTV -DCONFIG_SAMBA_NO_RESTART -DLED_GPIO_SWITCH -DFBWIFI_FLAG -DDLNA -DHTTP_ACCESS_USB -DMAX_USB_ACCESS -DSAMBA_ENABLE -DUSB_NEW_SPEC -DINCLUDE_WIFI_BUTTON -DINCLUDE_USB_LED -DINCLUDE_DUAL_BAND -DSINGLE_FIRMWARE -DINCLUDE_GET_ST_CHKSUM -DUNIFIED_STR_TBL -DFIRST_MTD_ROTATION -DWIFI_ON_OFF_SCHE -DAUTO_CONN_24HR -DIGMP_PROXY -DAP_MODE -D__CONFIG_IGMP_SNOOPING__ -DLINUX26 -DINCLUDE_IPV6 -DPRESET_WL_SECURITY -DNEW_BCM_WPS_IPC -DSUPPORT_AC_MODE -DSTA_MODE -DPPP_RU_DESIGN -DEXT_ACS -DARP_PROTECTION -DCONFIG_2ND_5G_BRIDGE_MODE -DVLAN_SUPPORT -DCONFIG_2ND_SWITCH -DHIDDEN_PAGE_DEBUG -DBCM_DCS -DEXT_ACS -DBCM_BSD -DMFP -DDEBUG_BUTTOND -D__CONFIG_TREND_IQOS__ -DCONFIG_TREND_IQOS_ENABLED -D__BRCM_GENERIC_IQOS__ -Os -DLINUX26 -DCONFIG_KERNEL_2_6_36 -DXAGENT_CLOUD_SUPPORT -DBT_IGMP_SUPPORT   conftest.c  >&5
conftest.c:33:6: warning: conflicting types for built-in function 'snprintf'
configure:3729: $? = 0
configure:3747: result: yes
configure:3667: checking for vsnprintf
configure:3723: arm-brcm-linux-uclibcgnueabi-gcc -o conftest -Os -O2 -DNETGEAR_PATCH -DBCMNVRAM -DBCMWPA2 -D__CONFIG_DHDAP__ -DRESTART_ALL_PROCESSES -D__CONFIG_GMAC3__ -D__CONFIG_USBAP__ -DBCMQOS -DBCMWPS -D__CONFIG_WPS__ -DBT_IGMP_SUPPORT -D__CONFIG_EMF__ -DTRAFFIC_MGMT_RSSI_POLICY -DPHYMON -DSUPPORT_REMOTE_HTTPS -DREMOTE_SMB_CONF -DREMOTE_USER_CONF -DUSERSETUP_SUPPORT -DXAGENT_CLOUD_SUPPORT -DINCLUDE_WPS_V20 -DOPENDNS_PARENTAL_CONTROL -DINCLUDE_ACCESSCONTROL -DINCLUDE_UCP -DU12H315 -DR8000 -DR7800 -DU12H335T21 -DINCLULDE_2ND_5G_RADIO -DDUAL_TRI_BAND_HW_SUPPORT -DPORT_TRUNKING_SUPPORT -DMULTIPLE_SSID -DENABLE_ML -DOPEN_SOURCE_SUPPORT -DBCM53125 -DBCM5301X -DACS_INTF_DETECT_PATCH -DCONFIG_REMOTE_USB_PROTECT -DCONFIG_RUSSIA_IPTV -DCONFIG_SAMBA_NO_RESTART -DLED_GPIO_SWITCH -DFBWIFI_FLAG -DDLNA -DHTTP_ACCESS_USB -DMAX_USB_ACCESS -DSAMBA_ENABLE -DUSB_NEW_SPEC -DINCLUDE_WIFI_BUTTON -DINCLUDE_USB_LED -DINCLUDE_DUAL_BAND -DSINGLE_FIRMWARE -DINCLUDE_GET_ST_CHKSUM -DUNIFIED_STR_TBL -DFIRST_MTD_ROTATION -DWIFI_ON_OFF_SCHE -DAUTO_CONN_24HR -DIGMP_PROXY -DAP_MODE -D__CONFIG_IGMP_SNOOPING__ -DLINUX26 -DINCLUDE_IPV6 -DPRESET_WL_SECURITY -DNEW_BCM_WPS_IPC -DSUPPORT_AC_MODE -DSTA_MODE -DPPP_RU_DESIGN -DEXT_ACS -DARP_PROTECTION -DCONFIG_2ND_5G_BRIDGE_MODE -DVLAN_SUPPORT -DCONFIG_2ND_SWITCH -DHIDDEN_PAGE_DEBUG -DBCM_DCS -DEXT_ACS -DBCM_BSD -DMFP -DDEBUG_BUTTOND -D__CONFIG_TREND_IQOS__ -DCONFIG_TREND_IQOS_ENABLED -D__BRCM_GENERIC_IQOS__ -Os -DLINUX26 -DCONFIG_KERNEL_2_6_36 -DXAGENT_CLOUD_SUPPORT -DBT_IGMP_SUPPORT   conftest.c  >&5
conftest.c:34:6: warning: conflicting types for built-in function 'vsnprintf'
configure:3729: $? = 0
configure:3747: result: yes
configure:3759: checking for long long int
configure:3810: result: yes
configure:3836: checking how to run the C preprocessor
configure:3952: result: arm-brcm-linux-uclibcgnueabi-gcc -E
configure:3981: arm-brcm-linux-uclibcgnueabi-gcc -E  conftest.c
configure:3987: $? = 0
configure:4018: arm-brcm-linux-uclibcgnueabi-gcc -E  conftest.c
conftest.c:13:28: fatal error: ac_nonexistent.h: No such file or directory
compilation terminated.
configure:4024: $? = 1
configure: failed program was:
| /* confdefs.h.  */
| #define PACKAGE_NAME ""
| #define PACKAGE_TARNAME ""
| #define PACKAGE_VERSION ""
| #define PACKAGE_STRING ""
| #define PACKAGE_BUGREPORT ""
| #define MXML_VERSION "Mini-XML v2.7"
| #define HAVE_STRDUP 1
| #define HAVE_SNPRINTF 1
| #define HAVE_VSNPRINTF 1
| #define HAVE_LONG_LONG 1
| /* end confdefs.h.  */
| #include <ac_nonexistent.h>
configure:4062: checking for grep that handles long lines and -e
configure:4136: result: /bin/grep
configure:4141: checking for egrep
configure:4219: result: /bin/grep -E
configure:4224: checking for ANSI C header files
configure:4254: arm-brcm-linux-uclibcgnueabi-gcc -c -Os -O2 -DNETGEAR_PATCH -DBCMNVRAM -DBCMWPA2 -D__CONFIG_DHDAP__ -DRESTART_ALL_PROCESSES -D__CONFIG_GMAC3__ -D__CONFIG_USBAP__ -DBCMQOS -DBCMWPS -D__CONFIG_WPS__ -DBT_IGMP_SUPPORT -D__CONFIG_EMF__ -DTRAFFIC_MGMT_RSSI_POLICY -DPHYMON -DSUPPORT_REMOTE_HTTPS -DREMOTE_SMB_CONF -DREMOTE_USER_CONF -DUSERSETUP_SUPPORT -DXAGENT_CLOUD_SUPPORT -DINCLUDE_WPS_V20 -DOPENDNS_PARENTAL_CONTROL -DINCLUDE_ACCESSCONTROL -DINCLUDE_UCP -DU12H315 -DR8000 -DR7800 -DU12H335T21 -DINCLULDE_2ND_5G_RADIO -DDUAL_TRI_BAND_HW_SUPPORT -DPORT_TRUNKING_SUPPORT -DMULTIPLE_SSID -DENABLE_ML -DOPEN_SOURCE_SUPPORT -DBCM53125 -DBCM5301X -DACS_INTF_DETECT_PATCH -DCONFIG_REMOTE_USB_PROTECT -DCONFIG_RUSSIA_IPTV -DCONFIG_SAMBA_NO_RESTART -DLED_GPIO_SWITCH -DFBWIFI_FLAG -DDLNA -DHTTP_ACCESS_USB -DMAX_USB_ACCESS -DSAMBA_ENABLE -DUSB_NEW_SPEC -DINCLUDE_WIFI_BUTTON -DINCLUDE_USB_LED -DINCLUDE_DUAL_BAND -DSINGLE_FIRMWARE -DINCLUDE_GET_ST_CHKSUM -DUNIFIED_STR_TBL -DFIRST_MTD_ROTATION -DWIFI_ON_OFF_SCHE -DAUTO_CONN_24HR -DIGMP_PROXY -DAP_MODE -D__CONFIG_IGMP_SNOOPING__ -DLINUX26 -DINCLUDE_IPV6 -DPRESET_WL_SECURITY -DNEW_BCM_WPS_IPC -DSUPPORT_AC_MODE -DSTA_MODE -DPPP_RU_DESIGN -DEXT_ACS -DARP_PROTECTION -DCONFIG_2ND_5G_BRIDGE_MODE -DVLAN_SUPPORT -DCONFIG_2ND_SWITCH -DHIDDEN_PAGE_DEBUG -DBCM_DCS -DEXT_ACS -DBCM_BSD -DMFP -DDEBUG_BUTTOND -D__CONFIG_TREND_IQOS__ -DCONFIG_TREND_IQOS_ENABLED -D__BRCM_GENERIC_IQOS__ -Os -DLINUX26 -DCONFIG_KERNEL_2_6_36 -DXAGENT_CLOUD_SUPPORT -DBT_IGMP_SUPPORT  conftest.c >&5
configure:4260: $? = 0
configure:4388: result: yes
configure:4412: checking for sys/types.h
configure:4433: arm-brcm-linux-uclibcgnueabi-gcc -c -Os -O2 -DNETGEAR_PATCH -DBCMNVRAM -DBCMWPA2 -D__CONFIG_DHDAP__ -DRESTART_ALL_PROCESSES -D__CONFIG_GMAC3__ -D__CONFIG_USBAP__ -DBCMQOS -DBCMWPS -D__CONFIG_WPS__ -DBT_IGMP_SUPPORT -D__CONFIG_EMF__ -DTRAFFIC_MGMT_RSSI_POLICY -DPHYMON -DSUPPORT_REMOTE_HTTPS -DREMOTE_SMB_CONF -DREMOTE_USER_CONF -DUSERSETUP_SUPPORT -DXAGENT_CLOUD_SUPPORT -DINCLUDE_WPS_V20 -DOPENDNS_PARENTAL_CONTROL -DINCLUDE_ACCESSCONTROL -DINCLUDE_UCP -DU12H315 -DR8000 -DR7800 -DU12H335T21 -DINCLULDE_2ND_5G_RADIO -DDUAL_TRI_BAND_HW_SUPPORT -DPORT_TRUNKING_SUPPORT -DMULTIPLE_SSID -DENABLE_ML -DOPEN_SOURCE_SUPPORT -DBCM53125 -DBCM5301X -DACS_INTF_DETECT_PATCH -DCONFIG_REMOTE_USB_PROTECT -DCONFIG_RUSSIA_IPTV -DCONFIG_SAMBA_NO_RESTART -DLED_GPIO_SWITCH -DFBWIFI_FLAG -DDLNA -DHTTP_ACCESS_USB -DMAX_USB_ACCESS -DSAMBA_ENABLE -DUSB_NEW_SPEC -DINCLUDE_WIFI_BUTTON -DINCLUDE_USB_LED -DINCLUDE_DUAL_BAND -DSINGLE_FIRMWARE -DINCLUDE_GET_ST_CHKSUM -DUNIFIED_STR_TBL -DFIRST_MTD_ROTATION -DWIFI_ON_OFF_SCHE -DAUTO_CONN_24HR -DIGMP_PROXY -DAP_MODE -D__CONFIG_IGMP_SNOOPING__ -DLINUX26 -DINCLUDE_IPV6 -DPRESET_WL_SECURITY -DNEW_BCM_WPS_IPC -DSUPPORT_AC_MODE -DSTA_MODE -DPPP_RU_DESIGN -DEXT_ACS -DARP_PROTECTION -DCONFIG_2ND_5G_BRIDGE_MODE -DVLAN_SUPPORT -DCONFIG_2ND_SWITCH -DHIDDEN_PAGE_DEBUG -DBCM_DCS -DEXT_ACS -DBCM_BSD -DMFP -DDEBUG_BUTTOND -D__CONFIG_TREND_IQOS__ -DCONFIG_TREND_IQOS_ENABLED -D__BRCM_GENERIC_IQOS__ -Os -DLINUX26 -DCONFIG_KERNEL_2_6_36 -DXAGENT_CLOUD_SUPPORT -DBT_IGMP_SUPPORT  conftest.c >&5
configure:4439: $? = 0
configure:4455: result: yes
configure:4412: checking for sys/stat.h
configure:4433: arm-brcm-linux-uclibcgnueabi-gcc -c -Os -O2 -DNETGEAR_PATCH -DBCMNVRAM -DBCMWPA2 -D__CONFIG_DHDAP__ -DRESTART_ALL_PROCESSES -D__CONFIG_GMAC3__ -D__CONFIG_USBAP__ -DBCMQOS -DBCMWPS -D__CONFIG_WPS__ -DBT_IGMP_SUPPORT -D__CONFIG_EMF__ -DTRAFFIC_MGMT_RSSI_POLICY -DPHYMON -DSUPPORT_REMOTE_HTTPS -DREMOTE_SMB_CONF -DREMOTE_USER_CONF -DUSERSETUP_SUPPORT -DXAGENT_CLOUD_SUPPORT -DINCLUDE_WPS_V20 -DOPENDNS_PARENTAL_CONTROL -DINCLUDE_ACCESSCONTROL -DINCLUDE_UCP -DU12H315 -DR8000 -DR7800 -DU12H335T21 -DINCLULDE_2ND_5G_RADIO -DDUAL_TRI_BAND_HW_SUPPORT -DPORT_TRUNKING_SUPPORT -DMULTIPLE_SSID -DENABLE_ML -DOPEN_SOURCE_SUPPORT -DBCM53125 -DBCM5301X -DACS_INTF_DETECT_PATCH -DCONFIG_REMOTE_USB_PROTECT -DCONFIG_RUSSIA_IPTV -DCONFIG_SAMBA_NO_RESTART -DLED_GPIO_SWITCH -DFBWIFI_FLAG -DDLNA -DHTTP_ACCESS_USB -DMAX_USB_ACCESS -DSAMBA_ENABLE -DUSB_NEW_SPEC -DINCLUDE_WIFI_BUTTON -DINCLUDE_USB_LED -DINCLUDE_DUAL_BAND -DSINGLE_FIRMWARE -DINCLUDE_GET_ST_CHKSUM -DUNIFIED_STR_TBL -DFIRST_MTD_ROTATION -DWIFI_ON_OFF_SCHE -DAUTO_CONN_24HR -DIGMP_PROXY -DAP_MODE -D__CONFIG_IGMP_SNOOPING__ -DLINUX26 -DINCLUDE_IPV6 -DPRESET_WL_SECURITY -DNEW_BCM_WPS_IPC -DSUPPORT_AC_MODE -DSTA_MODE -DPPP_RU_DESIGN -DEXT_ACS -DARP_PROTECTION -DCONFIG_2ND_5G_BRIDGE_MODE -DVLAN_SUPPORT -DCONFIG_2ND_SWITCH -DHIDDEN_PAGE_DEBUG -DBCM_DCS -DEXT_ACS -DBCM_BSD -DMFP -DDEBUG_BUTTOND -D__CONFIG_TREND_IQOS__ -DCONFIG_TREND_IQOS_ENABLED -D__BRCM_GENERIC_IQOS__ -Os -DLINUX26 -DCONFIG_KERNEL_2_6_36 -DXAGENT_CLOUD_SUPPORT -DBT_IGMP_SUPPORT  conftest.c >&5
configure:4439: $? = 0
configure:4455: result: yes
configure:4412: checking for stdlib.h
configure:4433: arm-brcm-linux-uclibcgnueabi-gcc -c -Os -O2 -DNETGEAR_PATCH -DBCMNVRAM -DBCMWPA2 -D__CONFIG_DHDAP__ -DRESTART_ALL_PROCESSES -D__CONFIG_GMAC3__ -D__CONFIG_USBAP__ -DBCMQOS -DBCMWPS -D__CONFIG_WPS__ -DBT_IGMP_SUPPORT -D__CONFIG_EMF__ -DTRAFFIC_MGMT_RSSI_POLICY -DPHYMON -DSUPPORT_REMOTE_HTTPS -DREMOTE_SMB_CONF -DREMOTE_USER_CONF -DUSERSETUP_SUPPORT -DXAGENT_CLOUD_SUPPORT -DINCLUDE_WPS_V20 -DOPENDNS_PARENTAL_CONTROL -DINCLUDE_ACCESSCONTROL -DINCLUDE_UCP -DU12H315 -DR8000 -DR7800 -DU12H335T21 -DINCLULDE_2ND_5G_RADIO -DDUAL_TRI_BAND_HW_SUPPORT -DPORT_TRUNKING_SUPPORT -DMULTIPLE_SSID -DENABLE_ML -DOPEN_SOURCE_SUPPORT -DBCM53125 -DBCM5301X -DACS_INTF_DETECT_PATCH -DCONFIG_REMOTE_USB_PROTECT -DCONFIG_RUSSIA_IPTV -DCONFIG_SAMBA_NO_RESTART -DLED_GPIO_SWITCH -DFBWIFI_FLAG -DDLNA -DHTTP_ACCESS_USB -DMAX_USB_ACCESS -DSAMBA_ENABLE -DUSB_NEW_SPEC -DINCLUDE_WIFI_BUTTON -DINCLUDE_USB_LED -DINCLUDE_DUAL_BAND -DSINGLE_FIRMWARE -DINCLUDE_GET_ST_CHKSUM -DUNIFIED_STR_TBL -DFIRST_MTD_ROTATION -DWIFI_ON_OFF_SCHE -DAUTO_CONN_24HR -DIGMP_PROXY -DAP_MODE -D__CONFIG_IGMP_SNOOPING__ -DLINUX26 -DINCLUDE_IPV6 -DPRESET_WL_SECURITY -DNEW_BCM_WPS_IPC -DSUPPORT_AC_MODE -DSTA_MODE -DPPP_RU_DESIGN -DEXT_ACS -DARP_PROTECTION -DCONFIG_2ND_5G_BRIDGE_MODE -DVLAN_SUPPORT -DCONFIG_2ND_SWITCH -DHIDDEN_PAGE_DEBUG -DBCM_DCS -DEXT_ACS -DBCM_BSD -DMFP -DDEBUG_BUTTOND -D__CONFIG_TREND_IQOS__ -DCONFIG_TREND_IQOS_ENABLED -D__BRCM_GENERIC_IQOS__ -Os -DLINUX26 -DCONFIG_KERNEL_2_6_36 -DXAGENT_CLOUD_SUPPORT -DBT_IGMP_SUPPORT  conftest.c >&5
configure:4439: $? = 0
configure:4455: result: yes
configure:4412: checking for string.h
configure:4433: arm-brcm-linux-uclibcgnueabi-gcc -c -Os -O2 -DNETGEAR_PATCH -DBCMNVRAM -DBCMWPA2 -D__CONFIG_DHDAP__ -DRESTART_ALL_PROCESSES -D__CONFIG_GMAC3__ -D__CONFIG_USBAP__ -DBCMQOS -DBCMWPS -D__CONFIG_WPS__ -DBT_IGMP_SUPPORT -D__CONFIG_EMF__ -DTRAFFIC_MGMT_RSSI_POLICY -DPHYMON -DSUPPORT_REMOTE_HTTPS -DREMOTE_SMB_CONF -DREMOTE_USER_CONF -DUSERSETUP_SUPPORT -DXAGENT_CLOUD_SUPPORT -DINCLUDE_WPS_V20 -DOPENDNS_PARENTAL_CONTROL -DINCLUDE_ACCESSCONTROL -DINCLUDE_UCP -DU12H315 -DR8000 -DR7800 -DU12H335T21 -DINCLULDE_2ND_5G_RADIO -DDUAL_TRI_BAND_HW_SUPPORT -DPORT_TRUNKING_SUPPORT -DMULTIPLE_SSID -DENABLE_ML -DOPEN_SOURCE_SUPPORT -DBCM53125 -DBCM5301X -DACS_INTF_DETECT_PATCH -DCONFIG_REMOTE_USB_PROTECT -DCONFIG_RUSSIA_IPTV -DCONFIG_SAMBA_NO_RESTART -DLED_GPIO_SWITCH -DFBWIFI_FLAG -DDLNA -DHTTP_ACCESS_USB -DMAX_USB_ACCESS -DSAMBA_ENABLE -DUSB_NEW_SPEC -DINCLUDE_WIFI_BUTTON -DINCLUDE_USB_LED -DINCLUDE_DUAL_BAND -DSINGLE_FIRMWARE -DINCLUDE_GET_ST_CHKSUM -DUNIFIED_STR_TBL -DFIRST_MTD_ROTATION -DWIFI_ON_OFF_SCHE -DAUTO_CONN_24HR -DIGMP_PROXY -DAP_MODE -D__CONFIG_IGMP_SNOOPING__ -DLINUX26 -DINCLUDE_IPV6 -DPRESET_WL_SECURITY -DNEW_BCM_WPS_IPC -DSUPPORT_AC_MODE -DSTA_MODE -DPPP_RU_DESIGN -DEXT_ACS -DARP_PROTECTION -DCONFIG_2ND_5G_BRIDGE_MODE -DVLAN_SUPPORT -DCONFIG_2ND_SWITCH -DHIDDEN_PAGE_DEBUG -DBCM_DCS -DEXT_ACS -DBCM_BSD -DMFP -DDEBUG_BUTTOND -D__CONFIG_TREND_IQOS__ -DCONFIG_TREND_IQOS_ENABLED -D__BRCM_GENERIC_IQOS__ -Os -DLINUX26 -DCONFIG_KERNEL_2_6_36 -DXAGENT_CLOUD_SUPPORT -DBT_IGMP_SUPPORT  conftest.c >&5
configure:4439: $? = 0
configure:4455: result: yes
configure:4412: checking for memory.h
configure:4433: arm-brcm-linux-uclibcgnueabi-gcc -c -Os -O2 -DNETGEAR_PATCH -DBCMNVRAM -DBCMWPA2 -D__CONFIG_DHDAP__ -DRESTART_ALL_PROCESSES -D__CONFIG_GMAC3__ -D__CONFIG_USBAP__ -DBCMQOS -DBCMWPS -D__CONFIG_WPS__ -DBT_IGMP_SUPPORT -D__CONFIG_EMF__ -DTRAFFIC_MGMT_RSSI_POLICY -DPHYMON -DSUPPORT_REMOTE_HTTPS -DREMOTE_SMB_CONF -DREMOTE_USER_CONF -DUSERSETUP_SUPPORT -DXAGENT_CLOUD_SUPPORT -DINCLUDE_WPS_V20 -DOPENDNS_PARENTAL_CONTROL -DINCLUDE_ACCESSCONTROL -DINCLUDE_UCP -DU12H315 -DR8000 -DR7800 -DU12H335T21 -DINCLULDE_2ND_5G_RADIO -DDUAL_TRI_BAND_HW_SUPPORT -DPORT_TRUNKING_SUPPORT -DMULTIPLE_SSID -DENABLE_ML -DOPEN_SOURCE_SUPPORT -DBCM53125 -DBCM5301X -DACS_INTF_DETECT_PATCH -DCONFIG_REMOTE_USB_PROTECT -DCONFIG_RUSSIA_IPTV -DCONFIG_SAMBA_NO_RESTART -DLED_GPIO_SWITCH -DFBWIFI_FLAG -DDLNA -DHTTP_ACCESS_USB -DMAX_USB_ACCESS -DSAMBA_ENABLE -DUSB_NEW_SPEC -DINCLUDE_WIFI_BUTTON -DINCLUDE_USB_LED -DINCLUDE_DUAL_BAND -DSINGLE_FIRMWARE -DINCLUDE_GET_ST_CHKSUM -DUNIFIED_STR_TBL -DFIRST_MTD_ROTATION -DWIFI_ON_OFF_SCHE -DAUTO_CONN_24HR -DIGMP_PROXY -DAP_MODE -D__CONFIG_IGMP_SNOOPING__ -DLINUX26 -DINCLUDE_IPV6 -DPRESET_WL_SECURITY -DNEW_BCM_WPS_IPC -DSUPPORT_AC_MODE -DSTA_MODE -DPPP_RU_DESIGN -DEXT_ACS -DARP_PROTECTION -DCONFIG_2ND_5G_BRIDGE_MODE -DVLAN_SUPPORT -DCONFIG_2ND_SWITCH -DHIDDEN_PAGE_DEBUG -DBCM_DCS -DEXT_ACS -DBCM_BSD -DMFP -DDEBUG_BUTTOND -D__CONFIG_TREND_IQOS__ -DCONFIG_TREND_IQOS_ENABLED -D__BRCM_GENERIC_IQOS__ -Os -DLINUX26 -DCONFIG_KERNEL_2_6_36 -DXAGENT_CLOUD_SUPPORT -DBT_IGMP_SUPPORT  conftest.c >&5
configure:4439: $? = 0
configure:4455: result: yes
configure:4412: checking for strings.h
configure:4433: arm-brcm-linux-uclibcgnueabi-gcc -c -Os -O2 -DNETGEAR_PATCH -DBCMNVRAM -DBCMWPA2 -D__CONFIG_DHDAP__ -DRESTART_ALL_PROCESSES -D__CONFIG_GMAC3__ -D__CONFIG_USBAP__ -DBCMQOS -DBCMWPS -D__CONFIG_WPS__ -DBT_IGMP_SUPPORT -D__CONFIG_EMF__ -DTRAFFIC_MGMT_RSSI_POLICY -DPHYMON -DSUPPORT_REMOTE_HTTPS -DREMOTE_SMB_CONF -DREMOTE_USER_CONF -DUSERSETUP_SUPPORT -DXAGENT_CLOUD_SUPPORT -DINCLUDE_WPS_V20 -DOPENDNS_PARENTAL_CONTROL -DINCLUDE_ACCESSCONTROL -DINCLUDE_UCP -DU12H315 -DR8000 -DR7800 -DU12H335T21 -DINCLULDE_2ND_5G_RADIO -DDUAL_TRI_BAND_HW_SUPPORT -DPORT_TRUNKING_SUPPORT -DMULTIPLE_SSID -DENABLE_ML -DOPEN_SOURCE_SUPPORT -DBCM53125 -DBCM5301X -DACS_INTF_DETECT_PATCH -DCONFIG_REMOTE_USB_PROTECT -DCONFIG_RUSSIA_IPTV -DCONFIG_SAMBA_NO_RESTART -DLED_GPIO_SWITCH -DFBWIFI_FLAG -DDLNA -DHTTP_ACCESS_USB -DMAX_USB_ACCESS -DSAMBA_ENABLE -DUSB_NEW_SPEC -DINCLUDE_WIFI_BUTTON -DINCLUDE_USB_LED -DINCLUDE_DUAL_BAND -DSINGLE_FIRMWARE -DINCLUDE_GET_ST_CHKSUM -DUNIFIED_STR_TBL -DFIRST_MTD_ROTATION -DWIFI_ON_OFF_SCHE -DAUTO_CONN_24HR -DIGMP_PROXY -DAP_MODE -D__CONFIG_IGMP_SNOOPING__ -DLINUX26 -DINCLUDE_IPV6 -DPRESET_WL_SECURITY -DNEW_BCM_WPS_IPC -DSUPPORT_AC_MODE -DSTA_MODE -DPPP_RU_DESIGN -DEXT_ACS -DARP_PROTECTION -DCONFIG_2ND_5G_BRIDGE_MODE -DVLAN_SUPPORT -DCONFIG_2ND_SWITCH -DHIDDEN_PAGE_DEBUG -DBCM_DCS -DEXT_ACS -DBCM_BSD -DMFP -DDEBUG_BUTTOND -D__CONFIG_TREND_IQOS__ -DCONFIG_TREND_IQOS_ENABLED -D__BRCM_GENERIC_IQOS__ -Os -DLINUX26 -DCONFIG_KERNEL_2_6_36 -DXAGENT_CLOUD_SUPPORT -DBT_IGMP_SUPPORT  conftest.c >&5
configure:4439: $? = 0
configure:4455: result: yes
configure:4412: checking for inttypes.h
configure:4433: arm-brcm-linux-uclibcgnueabi-gcc -c -Os -O2 -DNETGEAR_PATCH -DBCMNVRAM -DBCMWPA2 -D__CONFIG_DHDAP__ -DRESTART_ALL_PROCESSES -D__CONFIG_GMAC3__ -D__CONFIG_USBAP__ -DBCMQOS -DBCMWPS -D__CONFIG_WPS__ -DBT_IGMP_SUPPORT -D__CONFIG_EMF__ -DTRAFFIC_MGMT_RSSI_POLICY -DPHYMON -DSUPPORT_REMOTE_HTTPS -DREMOTE_SMB_CONF -DREMOTE_USER_CONF -DUSERSETUP_SUPPORT -DXAGENT_CLOUD_SUPPORT -DINCLUDE_WPS_V20 -DOPENDNS_PARENTAL_CONTROL -DINCLUDE_ACCESSCONTROL -DINCLUDE_UCP -DU12H315 -DR8000 -DR7800 -DU12H335T21 -DINCLULDE_2ND_5G_RADIO -DDUAL_TRI_BAND_HW_SUPPORT -DPORT_TRUNKING_SUPPORT -DMULTIPLE_SSID -DENABLE_ML -DOPEN_SOURCE_SUPPORT -DBCM53125 -DBCM5301X -DACS_INTF_DETECT_PATCH -DCONFIG_REMOTE_USB_PROTECT -DCONFIG_RUSSIA_IPTV -DCONFIG_SAMBA_NO_RESTART -DLED_GPIO_SWITCH -DFBWIFI_FLAG -DDLNA -DHTTP_ACCESS_USB -DMAX_USB_ACCESS -DSAMBA_ENABLE -DUSB_NEW_SPEC -DINCLUDE_WIFI_BUTTON -DINCLUDE_USB_LED -DINCLUDE_DUAL_BAND -DSINGLE_FIRMWARE -DINCLUDE_GET_ST_CHKSUM -DUNIFIED_STR_TBL -DFIRST_MTD_ROTATION -DWIFI_ON_OFF_SCHE -DAUTO_CONN_24HR -DIGMP_PROXY -DAP_MODE -D__CONFIG_IGMP_SNOOPING__ -DLINUX26 -DINCLUDE_IPV6 -DPRESET_WL_SECURITY -DNEW_BCM_WPS_IPC -DSUPPORT_AC_MODE -DSTA_MODE -DPPP_RU_DESIGN -DEXT_ACS -DARP_PROTECTION -DCONFIG_2ND_5G_BRIDGE_MODE -DVLAN_SUPPORT -DCONFIG_2ND_SWITCH -DHIDDEN_PAGE_DEBUG -DBCM_DCS -DEXT_ACS -DBCM_BSD -DMFP -DDEBUG_BUTTOND -D__CONFIG_TREND_IQOS__ -DCONFIG_TREND_IQOS_ENABLED -D__BRCM_GENERIC_IQOS__ -Os -DLINUX26 -DCONFIG_KERNEL_2_6_36 -DXAGENT_CLOUD_SUPPORT -DBT_IGMP_SUPPORT  conftest.c >&5
configure:4439: $? = 0
configure:4455: result: yes
configure:4412: checking for stdint.h
configure:4433: arm-brcm-linux-uclibcgnueabi-gcc -c -Os -O2 -DNETGEAR_PATCH -DBCMNVRAM -DBCMWPA2 -D__CONFIG_DHDAP__ -DRESTART_ALL_PROCESSES -D__CONFIG_GMAC3__ -D__CONFIG_USBAP__ -DBCMQOS -DBCMWPS -D__CONFIG_WPS__ -DBT_IGMP_SUPPORT -D__CONFIG_EMF__ -DTRAFFIC_MGMT_RSSI_POLICY -DPHYMON -DSUPPORT_REMOTE_HTTPS -DREMOTE_SMB_CONF -DREMOTE_USER_CONF -DUSERSETUP_SUPPORT -DXAGENT_CLOUD_SUPPORT -DINCLUDE_WPS_V20 -DOPENDNS_PARENTAL_CONTROL -DINCLUDE_ACCESSCONTROL -DINCLUDE_UCP -DU12H315 -DR8000 -DR7800 -DU12H335T21 -DINCLULDE_2ND_5G_RADIO -DDUAL_TRI_BAND_HW_SUPPORT -DPORT_TRUNKING_SUPPORT -DMULTIPLE_SSID -DENABLE_ML -DOPEN_SOURCE_SUPPORT -DBCM53125 -DBCM5301X -DACS_INTF_DETECT_PATCH -DCONFIG_REMOTE_USB_PROTECT -DCONFIG_RUSSIA_IPTV -DCONFIG_SAMBA_NO_RESTART -DLED_GPIO_SWITCH -DFBWIFI_FLAG -DDLNA -DHTTP_ACCESS_USB -DMAX_USB_ACCESS -DSAMBA_ENABLE -DUSB_NEW_SPEC -DINCLUDE_WIFI_BUTTON -DINCLUDE_USB_LED -DINCLUDE_DUAL_BAND -DSINGLE_FIRMWARE -DINCLUDE_GET_ST_CHKSUM -DUNIFIED_STR_TBL -DFIRST_MTD_ROTATION -DWIFI_ON_OFF_SCHE -DAUTO_CONN_24HR -DIGMP_PROXY -DAP_MODE -D__CONFIG_IGMP_SNOOPING__ -DLINUX26 -DINCLUDE_IPV6 -DPRESET_WL_SECURITY -DNEW_BCM_WPS_IPC -DSUPPORT_AC_MODE -DSTA_MODE -DPPP_RU_DESIGN -DEXT_ACS -DARP_PROTECTION -DCONFIG_2ND_5G_BRIDGE_MODE -DVLAN_SUPPORT -DCONFIG_2ND_SWITCH -DHIDDEN_PAGE_DEBUG -DBCM_DCS -DEXT_ACS -DBCM_BSD -DMFP -DDEBUG_BUTTOND -D__CONFIG_TREND_IQOS__ -DCONFIG_TREND_IQOS_ENABLED -D__BRCM_GENERIC_IQOS__ -Os -DLINUX26 -DCONFIG_KERNEL_2_6_36 -DXAGENT_CLOUD_SUPPORT -DBT_IGMP_SUPPORT  conftest.c >&5
configure:4439: $? = 0
configure:4455: result: yes
configure:4412: checking for unistd.h
configure:4433: arm-brcm-linux-uclibcgnueabi-gcc -c -Os -O2 -DNETGEAR_PATCH -DBCMNVRAM -DBCMWPA2 -D__CONFIG_DHDAP__ -DRESTART_ALL_PROCESSES -D__CONFIG_GMAC3__ -D__CONFIG_USBAP__ -DBCMQOS -DBCMWPS -D__CONFIG_WPS__ -DBT_IGMP_SUPPORT -D__CONFIG_EMF__ -DTRAFFIC_MGMT_RSSI_POLICY -DPHYMON -DSUPPORT_REMOTE_HTTPS -DREMOTE_SMB_CONF -DREMOTE_USER_CONF -DUSERSETUP_SUPPORT -DXAGENT_CLOUD_SUPPORT -DINCLUDE_WPS_V20 -DOPENDNS_PARENTAL_CONTROL -DINCLUDE_ACCESSCONTROL -DINCLUDE_UCP -DU12H315 -DR8000 -DR7800 -DU12H335T21 -DINCLULDE_2ND_5G_RADIO -DDUAL_TRI_BAND_HW_SUPPORT -DPORT_TRUNKING_SUPPORT -DMULTIPLE_SSID -DENABLE_ML -DOPEN_SOURCE_SUPPORT -DBCM53125 -DBCM5301X -DACS_INTF_DETECT_PATCH -DCONFIG_REMOTE_USB_PROTECT -DCONFIG_RUSSIA_IPTV -DCONFIG_SAMBA_NO_RESTART -DLED_GPIO_SWITCH -DFBWIFI_FLAG -DDLNA -DHTTP_ACCESS_USB -DMAX_USB_ACCESS -DSAMBA_ENABLE -DUSB_NEW_SPEC -DINCLUDE_WIFI_BUTTON -DINCLUDE_USB_LED -DINCLUDE_DUAL_BAND -DSINGLE_FIRMWARE -DINCLUDE_GET_ST_CHKSUM -DUNIFIED_STR_TBL -DFIRST_MTD_ROTATION -DWIFI_ON_OFF_SCHE -DAUTO_CONN_24HR -DIGMP_PROXY -DAP_MODE -D__CONFIG_IGMP_SNOOPING__ -DLINUX26 -DINCLUDE_IPV6 -DPRESET_WL_SECURITY -DNEW_BCM_WPS_IPC -DSUPPORT_AC_MODE -DSTA_MODE -DPPP_RU_DESIGN -DEXT_ACS -DARP_PROTECTION -DCONFIG_2ND_5G_BRIDGE_MODE -DVLAN_SUPPORT -DCONFIG_2ND_SWITCH -DHIDDEN_PAGE_DEBUG -DBCM_DCS -DEXT_ACS -DBCM_BSD -DMFP -DDEBUG_BUTTOND -D__CONFIG_TREND_IQOS__ -DCONFIG_TREND_IQOS_ENABLED -D__BRCM_GENERIC_IQOS__ -Os -DLINUX26 -DCONFIG_KERNEL_2_6_36 -DXAGENT_CLOUD_SUPPORT -DBT_IGMP_SUPPORT  conftest.c >&5
configure:4439: $? = 0
configure:4455: result: yes
configure:4477: checking pthread.h usability
configure:4494: arm-brcm-linux-uclibcgnueabi-gcc -c -Os -O2 -DNETGEAR_PATCH -DBCMNVRAM -DBCMWPA2 -D__CONFIG_DHDAP__ -DRESTART_ALL_PROCESSES -D__CONFIG_GMAC3__ -D__CONFIG_USBAP__ -DBCMQOS -DBCMWPS -D__CONFIG_WPS__ -DBT_IGMP_SUPPORT -D__CONFIG_EMF__ -DTRAFFIC_MGMT_RSSI_POLICY -DPHYMON -DSUPPORT_REMOTE_HTTPS -DREMOTE_SMB_CONF -DREMOTE_USER_CONF -DUSERSETUP_SUPPORT -DXAGENT_CLOUD_SUPPORT -DINCLUDE_WPS_V20 -DOPENDNS_PARENTAL_CONTROL -DINCLUDE_ACCESSCONTROL -DINCLUDE_UCP -DU12H315 -DR8000 -DR7800 -DU12H335T21 -DINCLULDE_2ND_5G_RADIO -DDUAL_TRI_BAND_HW_SUPPORT -DPORT_TRUNKING_SUPPORT -DMULTIPLE_SSID -DENABLE_ML -DOPEN_SOURCE_SUPPORT -DBCM53125 -DBCM5301X -DACS_INTF_DETECT_PATCH -DCONFIG_REMOTE_USB_PROTECT -DCONFIG_RUSSIA_IPTV -DCONFIG_SAMBA_NO_RESTART -DLED_GPIO_SWITCH -DFBWIFI_FLAG -DDLNA -DHTTP_ACCESS_USB -DMAX_USB_ACCESS -DSAMBA_ENABLE -DUSB_NEW_SPEC -DINCLUDE_WIFI_BUTTON -DINCLUDE_USB_LED -DINCLUDE_DUAL_BAND -DSINGLE_FIRMWARE -DINCLUDE_GET_ST_CHKSUM -DUNIFIED_STR_TBL -DFIRST_MTD_ROTATION -DWIFI_ON_OFF_SCHE -DAUTO_CONN_24HR -DIGMP_PROXY -DAP_MODE -D__CONFIG_IGMP_SNOOPING__ -DLINUX26 -DINCLUDE_IPV6 -DPRESET_WL_SECURITY -DNEW_BCM_WPS_IPC -DSUPPORT_AC_MODE -DSTA_MODE -DPPP_RU_DESIGN -DEXT_ACS -DARP_PROTECTION -DCONFIG_2ND_5G_BRIDGE_MODE -DVLAN_SUPPORT -DCONFIG_2ND_SWITCH -DHIDDEN_PAGE_DEBUG -DBCM_DCS -DEXT_ACS -DBCM_BSD -DMFP -DDEBUG_BUTTOND -D__CONFIG_TREND_IQOS__ -DCONFIG_TREND_IQOS_ENABLED -D__BRCM_GENERIC_IQOS__ -Os -DLINUX26 -DCONFIG_KERNEL_2_6_36 -DXAGENT_CLOUD_SUPPORT -DBT_IGMP_SUPPORT  conftest.c >&5
configure:4500: $? = 0
configure:4514: result: yes
configure:4518: checking pthread.h presence
configure:4533: arm-brcm-linux-uclibcgnueabi-gcc -E  conftest.c
configure:4539: $? = 0
configure:4553: result: yes
configure:4581: checking for pthread.h
configure:4588: result: yes
configure:4603: checking for pthread_create using -lpthreads
configure:4628: arm-brcm-linux-uclibcgnueabi-gcc -o conftest -Os -O2 -DNETGEAR_PATCH -DBCMNVRAM -DBCMWPA2 -D__CONFIG_DHDAP__ -DRESTART_ALL_PROCESSES -D__CONFIG_GMAC3__ -D__CONFIG_USBAP__ -DBCMQOS -DBCMWPS -D__CONFIG_WPS__ -DBT_IGMP_SUPPORT -D__CONFIG_EMF__ -DTRAFFIC_MGMT_RSSI_POLICY -DPHYMON -DSUPPORT_REMOTE_HTTPS -DREMOTE_SMB_CONF -DREMOTE_USER_CONF -DUSERSETUP_SUPPORT -DXAGENT_CLOUD_SUPPORT -DINCLUDE_WPS_V20 -DOPENDNS_PARENTAL_CONTROL -DINCLUDE_ACCESSCONTROL -DINCLUDE_UCP -DU12H315 -DR8000 -DR7800 -DU12H335T21 -DINCLULDE_2ND_5G_RADIO -DDUAL_TRI_BAND_HW_SUPPORT -DPORT_TRUNKING_SUPPORT -DMULTIPLE_SSID -DENABLE_ML -DOPEN_SOURCE_SUPPORT -DBCM53125 -DBCM5301X -DACS_INTF_DETECT_PATCH -DCONFIG_REMOTE_USB_PROTECT -DCONFIG_RUSSIA_IPTV -DCONFIG_SAMBA_NO_RESTART -DLED_GPIO_SWITCH -DFBWIFI_FLAG -DDLNA -DHTTP_ACCESS_USB -DMAX_USB_ACCESS -DSAMBA_ENABLE -DUSB_NEW_SPEC -DINCLUDE_WIFI_BUTTON -DINCLUDE_USB_LED -DINCLUDE_DUAL_BAND -DSINGLE_FIRMWARE -DINCLUDE_GET_ST_CHKSUM -DUNIFIED_STR_TBL -DFIRST_MTD_ROTATION -DWIFI_ON_OFF_SCHE -DAUTO_CONN_24HR -DIGMP_PROXY -DAP_MODE -D__CONFIG_IGMP_SNOOPING__ -DLINUX26 -DINCLUDE_IPV6 -DPRESET_WL_SECURITY -DNEW_BCM_WPS_IPC -DSUPPORT_AC_MODE -DSTA_MODE -DPPP_RU_DESIGN -DEXT_ACS -DARP_PROTECTION -DCONFIG_2ND_5G_BRIDGE_MODE -DVLAN_SUPPORT -DCONFIG_2ND_SWITCH -DHIDDEN_PAGE_DEBUG -DBCM_DCS -DEXT_ACS -DBCM_BSD -DMFP -DDEBUG_BUTTOND -D__CONFIG_TREND_IQOS__ -DCONFIG_TREND_IQOS_ENABLED -D__BRCM_GENERIC_IQOS__ -Os -DLINUX26 -DCONFIG_KERNEL_2_6_36 -DXAGENT_CLOUD_SUPPORT -DBT_IGMP_SUPPORT   conftest.c -lpthreads  >&5
/projects/hnd/tools/linux/hndtools-arm-linux-2.6.36-uclibc-4.5.3/lib/gcc/arm-brcm-linux-uclibcgnueabi/4.5.3/../../../../arm-brcm-linux-uclibcgnueabi/bin/ld: cannot find -lpthreads
collect2: ld returned 1 exit status
configure:4634: $? = 1
configure: failed program was:
| /* confdefs.h.  */
| #define PACKAGE_NAME ""
| #define PACKAGE_TARNAME ""
| #define PACKAGE_VERSION ""
| #define PACKAGE_STRING ""
| #define PACKAGE_BUGREPORT ""
| #define MXML_VERSION "Mini-XML v2.7"
| #define HAVE_STRDUP 1
| #define HAVE_SNPRINTF 1
| #define HAVE_VSNPRINTF 1
| #define HAVE_LONG_LONG 1
| #define STDC_HEADERS 1
| #define HAVE_SYS_TYPES_H 1
| #define HAVE_SYS_STAT_H 1
| #define HAVE_STDLIB_H 1
| #define HAVE_STRING_H 1
| #define HAVE_MEMORY_H 1
| #define HAVE_STRINGS_H 1
| #define HAVE_INTTYPES_H 1
| #define HAVE_STDINT_H 1
| #define HAVE_UNISTD_H 1
| #define HAVE_PTHREAD_H 1
| /* end confdefs.h.  */
| #include <pthread.h>
| int
| main ()
| {
| pthread_create(0, 0, 0, 0);
|   ;
|   return 0;
| }
configure:4650: result: no
configure:4603: checking for pthread_create using -lpthread
configure:4628: arm-brcm-linux-uclibcgnueabi-gcc -o conftest -Os -O2 -DNETGEAR_PATCH -DBCMNVRAM -DBCMWPA2 -D__CONFIG_DHDAP__ -DRESTART_ALL_PROCESSES -D__CONFIG_GMAC3__ -D__CONFIG_USBAP__ -DBCMQOS -DBCMWPS -D__CONFIG_WPS__ -DBT_IGMP_SUPPORT -D__CONFIG_EMF__ -DTRAFFIC_MGMT_RSSI_POLICY -DPHYMON -DSUPPORT_REMOTE_HTTPS -DREMOTE_SMB_CONF -DREMOTE_USER_CONF -DUSERSETUP_SUPPORT -DXAGENT_CLOUD_SUPPORT -DINCLUDE_WPS_V20 -DOPENDNS_PARENTAL_CONTROL -DINCLUDE_ACCESSCONTROL -DINCLUDE_UCP -DU12H315 -DR8000 -DR7800 -DU12H335T21 -DINCLULDE_2ND_5G_RADIO -DDUAL_TRI_BAND_HW_SUPPORT -DPORT_TRUNKING_SUPPORT -DMULTIPLE_SSID -DENABLE_ML -DOPEN_SOURCE_SUPPORT -DBCM53125 -DBCM5301X -DACS_INTF_DETECT_PATCH -DCONFIG_REMOTE_USB_PROTECT -DCONFIG_RUSSIA_IPTV -DCONFIG_SAMBA_NO_RESTART -DLED_GPIO_SWITCH -DFBWIFI_FLAG -DDLNA -DHTTP_ACCESS_USB -DMAX_USB_ACCESS -DSAMBA_ENABLE -DUSB_NEW_SPEC -DINCLUDE_WIFI_BUTTON -DINCLUDE_USB_LED -DINCLUDE_DUAL_BAND -DSINGLE_FIRMWARE -DINCLUDE_GET_ST_CHKSUM -DUNIFIED_STR_TBL -DFIRST_MTD_ROTATION -DWIFI_ON_OFF_SCHE -DAUTO_CONN_24HR -DIGMP_PROXY -DAP_MODE -D__CONFIG_IGMP_SNOOPING__ -DLINUX26 -DINCLUDE_IPV6 -DPRESET_WL_SECURITY -DNEW_BCM_WPS_IPC -DSUPPORT_AC_MODE -DSTA_MODE -DPPP_RU_DESIGN -DEXT_ACS -DARP_PROTECTION -DCONFIG_2ND_5G_BRIDGE_MODE -DVLAN_SUPPORT -DCONFIG_2ND_SWITCH -DHIDDEN_PAGE_DEBUG -DBCM_DCS -DEXT_ACS -DBCM_BSD -DMFP -DDEBUG_BUTTOND -D__CONFIG_TREND_IQOS__ -DCONFIG_TREND_IQOS_ENABLED -D__BRCM_GENERIC_IQOS__ -Os -DLINUX26 -DCONFIG_KERNEL_2_6_36 -DXAGENT_CLOUD_SUPPORT -DBT_IGMP_SUPPORT   conftest.c -lpthread  >&5
configure:4634: $? = 0
configure:4650: result: yes
configure:4682: checking for shared library support
configure:4714: result: yes
configure:4952: creating ./config.status

## ---------------------- ##
## Running config.status. ##
## ---------------------- ##

This file was extended by config.status, which was
generated by GNU Autoconf 2.61.  Invocation command line was

  CONFIG_FILES    = 
  CONFIG_HEADERS  = 
  CONFIG_LINKS    = 
  CONFIG_COMMANDS = 
  $ ./config.status 

on netgear-b4f958788-rxpdj

config.status:618: creating Makefile
config.status:618: creating mxml.list
config.status:618: creating mxml.pc
config.status:618: creating config.h

## ---------------- ##
## Cache variables. ##
## ---------------- ##

ac_cv_c_compiler_gnu=yes
ac_cv_c_inline=inline
ac_cv_c_long_long=yes
ac_cv_cxx_compiler_gnu=yes
ac_cv_env_CCC_set=
ac_cv_env_CCC_value=
ac_cv_env_CC_set=set
ac_cv_env_CC_value=arm-brcm-linux-uclibcgnueabi-gcc
ac_cv_env_CFLAGS_set=set
ac_cv_env_CFLAGS_value='-Os -O2 -DNETGEAR_PATCH -DBCMNVRAM -DBCMWPA2 -D__CONFIG_DHDAP__ -DRESTART_ALL_PROCESSES -D__CONFIG_GMAC3__ -D__CONFIG_USBAP__ -DBCMQOS -DBCMWPS -D__CONFIG_WPS__ -DBT_IGMP_SUPPORT -D__CONFIG_EMF__ -DTRAFFIC_MGMT_RSSI_POLICY -DPHYMON -DSUPPORT_REMOTE_HTTPS -DREMOTE_SMB_CONF -DREMOTE_USER_CONF -DUSERSETUP_SUPPORT -DXAGENT_CLOUD_SUPPORT -DINCLUDE_WPS_V20 -DOPENDNS_PARENTAL_CONTROL -DINCLUDE_ACCESSCONTROL -DINCLUDE_UCP -DU12H315 -DR8000 -DR7800 -DU12H335T21 -DINCLULDE_2ND_5G_RADIO -DDUAL_TRI_BAND_HW_SUPPORT -DPORT_TRUNKING_SUPPORT -DMULTIPLE_SSID -DENABLE_ML -DOPEN_SOURCE_SUPPORT -DBCM53125 -DBCM5301X -DACS_INTF_DETECT_PATCH -DCONFIG_REMOTE_USB_PROTECT -DCONFIG_RUSSIA_IPTV -DCONFIG_SAMBA_NO_RESTART -DLED_GPIO_SWITCH -DFBWIFI_FLAG -DDLNA -DHTTP_ACCESS_USB -DMAX_USB_ACCESS -DSAMBA_ENABLE -DUSB_NEW_SPEC -DINCLUDE_WIFI_BUTTON -DINCLUDE_USB_LED -DINCLUDE_DUAL_BAND -DSINGLE_FIRMWARE -DINCLUDE_GET_ST_CHKSUM -DUNIFIED_STR_TBL -DFIRST_MTD_ROTATION -DWIFI_ON_OFF_SCHE -DAUTO_CONN_24HR -DIGMP_PROXY -DAP_MODE -D__CONFIG_IGMP_SNOOPING__ -DLINUX26 -DINCLUDE_IPV6 -DPRESET_WL_SECURITY -DNEW_BCM_WPS_IPC -DSUPPORT_AC_MODE -DSTA_MODE -DPPP_RU_DESIGN -DEXT_ACS -DARP_PROTECTION -DCONFIG_2ND_5G_BRIDGE_MODE -DVLAN_SUPPORT -DCONFIG_2ND_SWITCH -DHIDDEN_PAGE_DEBUG -DBCM_DCS -DEXT_ACS -DBCM_BSD -DMFP -DDEBUG_BUTTOND -D__CONFIG_TREND_IQOS__ -DCONFIG_TREND_IQOS_ENABLED -D__BRCM_GENERIC_IQOS__ -Os -DLINUX26 -DCONFIG_KERNEL_2_6_36 -DXAGENT_CLOUD_SUPPORT -DBT_IGMP_SUPPORT'
ac_cv_env_CPPFLAGS_set=
ac_cv_env_CPPFLAGS_value=
ac_cv_env_CPP_set=set
ac_cv_env_CPP_value='arm-brcm-linux-uclibcgnueabi-gcc -E'
ac_cv_env_CXXFLAGS_set=
ac_cv_env_CXXFLAGS_value=
ac_cv_env_CXX_set=set
ac_cv_env_CXX_value=arm-brcm-linux-uclibcgnueabi-g++
ac_cv_env_LDFLAGS_set=
ac_cv_env_LDFLAGS_value=
ac_cv_env_LIBS_set=
ac_cv_env_LIBS_value=
ac_cv_env_build_alias_set=set
ac_cv_env_build_alias_value=i386-pc-linux-gnu
ac_cv_env_host_alias_set=set
ac_cv_env_host_alias_value=arm-uclibc-linux
ac_cv_env_target_alias_set=set
ac_cv_env_target_alias_value=arm-uclibc-linux
ac_cv_func_snprintf=yes
ac_cv_func_strdup=yes
ac_cv_func_vsnprintf=yes
ac_cv_header_inttypes_h=yes
ac_cv_header_memory_h=yes
ac_cv_header_pthread_h=yes
ac_cv_header_stdc=yes
ac_cv_header_stdint_h=yes
ac_cv_header_stdlib_h=yes
ac_cv_header_string_h=yes
ac_cv_header_strings_h=yes
ac_cv_header_sys_stat_h=yes
ac_cv_header_sys_types_h=yes
ac_cv_header_unistd_h=yes
ac_cv_objext=o
ac_cv_path_AR=/usr/bin/ar
ac_cv_path_CP=/bin/cp
ac_cv_path_EGREP='/bin/grep -E'
ac_cv_path_GREP=/bin/grep
ac_cv_path_LN=/bin/ln
ac_cv_path_MKDIR=/bin/mkdir
ac_cv_path_RM=/bin/rm
ac_cv_path_install='/usr/bin/install -c'
ac_cv_prog_CC=arm-brcm-linux-uclibcgnueabi-gcc
ac_cv_prog_CPP='arm-brcm-linux-uclibcgnueabi-gcc -E'
ac_cv_prog_RANLIB=arm-brcm-linux-uclibcgnueabi-ranlib
ac_cv_prog_cc_c89=
ac_cv_prog_cc_g=yes
ac_cv_prog_cxx_g=yes

## ----------------- ##
## Output variables. ##
## ----------------- ##

AR='/usr/bin/ar'
ARCHFLAGS=''
ARFLAGS='crvs'
CC='arm-brcm-linux-uclibcgnueabi-gcc'
CFLAGS='-Wall -Os -O2 -DNETGEAR_PATCH -DBCMNVRAM -DBCMWPA2 -D__CONFIG_DHDAP__ -DRESTART_ALL_PROCESSES -D__CONFIG_GMAC3__ -D__CONFIG_USBAP__ -DBCMQOS -DBCMWPS -D__CONFIG_WPS__ -DBT_IGMP_SUPPORT -D__CONFIG_EMF__ -DTRAFFIC_MGMT_RSSI_POLICY -DPHYMON -DSUPPORT_REMOTE_HTTPS -DREMOTE_SMB_CONF -DREMOTE_USER_CONF -DUSERSETUP_SUPPORT -DXAGENT_CLOUD_SUPPORT -DINCLUDE_WPS_V20 -DOPENDNS_PARENTAL_CONTROL -DINCLUDE_ACCESSCONTROL -DINCLUDE_UCP -DU12H315 -DR8000 -DR7800 -DU12H335T21 -DINCLULDE_2ND_5G_RADIO -DDUAL_TRI_BAND_HW_SUPPORT -DPORT_TRUNKING_SUPPORT -DMULTIPLE_SSID -DENABLE_ML -DOPEN_SOURCE_SUPPORT -DBCM53125 -DBCM5301X -DACS_INTF_DETECT_PATCH -DCONFIG_REMOTE_USB_PROTECT -DCONFIG_RUSSIA_IPTV -DCONFIG_SAMBA_NO_RESTART -DLED_GPIO_SWITCH -DFBWIFI_FLAG -DDLNA -DHTTP_ACCESS_USB -DMAX_USB_ACCESS -DSAMBA_ENABLE -DUSB_NEW_SPEC -DINCLUDE_WIFI_BUTTON -DINCLUDE_USB_LED -DINCLUDE_DUAL_BAND -DSINGLE_FIRMWARE -DINCLUDE_GET_ST_CHKSUM -DUNIFIED_STR_TBL -DFIRST_MTD_ROTATION -DWIFI_ON_OFF_SCHE -DAUTO_CONN_24HR -DIGMP_PROXY -DAP_MODE -D__CONFIG_IGMP_SNOOPING__ -DLINUX26 -DINCLUDE_IPV6 -DPRESET_WL_SECURITY -DNEW_BCM_WPS_IPC -DSUPPORT_AC_MODE -DSTA_MODE -DPPP_RU_DESIGN -DEXT_ACS -DARP_PROTECTION -DCONFIG_2ND_5G_BRIDGE_MODE -DVLAN_SUPPORT -DCONFIG_2ND_SWITCH -DHIDDEN_PAGE_DEBUG -DBCM_DCS -DEXT_ACS -DBCM_BSD -DMFP -DDEBUG_BUTTOND -D__CONFIG_TREND_IQOS__ -DCONFIG_TREND_IQOS_ENABLED -D__BRCM_GENERIC_IQOS__ -Os -DLINUX26 -DCONFIG_KERNEL_2_6_36 -DXAGENT_CLOUD_SUPPORT -DBT_IGMP_SUPPORT'
CP='/bin/cp'
CPP='arm-brcm-linux-uclibcgnueabi-gcc -E'
CPPFLAGS=''
CXX='arm-brcm-linux-uclibcgnueabi-g++'
CXXFLAGS=''
DEFS='-DHAVE_CONFIG_H'
DSO='$(CC)'
DSOFLAGS=' -Wl,-soname,libmxml.so.1,-rpath,$(libdir) -shared $(OPTIM)'
ECHO_C=''
ECHO_N='-n'
ECHO_T=''
EGREP='/bin/grep -E'
EXEEXT=''
GREP='/bin/grep'
INSTALL_DATA='${INSTALL} -m 644'
INSTALL_PROGRAM='${INSTALL}'
INSTALL_SCRIPT='${INSTALL}'
LDFLAGS=' -Wl,-rpath,$(libdir)'
LIBMXML='libmxml.so.1.5'
LIBOBJS=''
LIBS=''
LN='/bin/ln'
LTLIBOBJS=''
MKDIR='/bin/mkdir'
OBJEXT='o'
OPTIM='-fPIC -Os -g'
PACKAGE_BUGREPORT=''
PACKAGE_NAME=''
PACKAGE_STRING=''
PACKAGE_TARNAME=''
PACKAGE_VERSION=''
PATH_SEPARATOR=':'
PC_CFLAGS='-I${prefix}/include'
PC_LIBS='-L${exec_prefix}/lib -lmxml'
PICFLAG='1'
PTHREAD_FLAGS='-D_THREAD_SAFE -D_REENTRANT'
PTHREAD_LIBS='-lpthread'
RANLIB='arm-brcm-linux-uclibcgnueabi-ranlib'
RM='/bin/rm'
SHELL='/bin/sh'
VERSION='2.7'
ac_ct_CC=''
ac_ct_CXX=''
bindir='${exec_prefix}/bin'
build_alias='i386-pc-linux-gnu'
datadir='${datarootdir}'
datarootdir='${prefix}/share'
docdir='${datarootdir}/doc/mxml'
dvidir='${docdir}'
exec_prefix='/opt/r8500/ap/gpl/iserver/build/usr'
host_alias='arm-uclibc-linux'
htmldir='${docdir}'
includedir='${prefix}/include'
infodir='${datarootdir}/info'
libdir='${exec_prefix}/lib'
libexecdir='${exec_prefix}/libexec'
localedir='${datarootdir}/locale'
localstatedir='${prefix}/var'
mandir='${datarootdir}/man'
oldincludedir='/usr/include'
pdfdir='${docdir}'
prefix='/opt/r8500/ap/gpl/iserver/build/usr'
program_transform_name='s,x,x,'
psdir='${docdir}'
sbindir='${exec_prefix}/sbin'
sharedstatedir='${prefix}/com'
sysconfdir='${prefix}/etc'
target_alias='arm-uclibc-linux'

## ----------- ##
## confdefs.h. ##
## ----------- ##

#define PACKAGE_NAME ""
#define PACKAGE_TARNAME ""
#define PACKAGE_VERSION ""
#define PACKAGE_STRING ""
#define PACKAGE_BUGREPORT ""
#define MXML_VERSION "Mini-XML v2.7"
#define HAVE_STRDUP 1
#define HAVE_SNPRINTF 1
#define HAVE_VSNPRINTF 1
#define HAVE_LONG_LONG 1
#define STDC_HEADERS 1
#define HAVE_SYS_TYPES_H 1
#define HAVE_SYS_STAT_H 1
#define HAVE_STDLIB_H 1
#define HAVE_STRING_H 1
#define HAVE_MEMORY_H 1
#define HAVE_STRINGS_H 1
#define HAVE_INTTYPES_H 1
#define HAVE_STDINT_H 1
#define HAVE_UNISTD_H 1
#define HAVE_PTHREAD_H 1

configure: exit 0
